# JRE version: OpenJDK Runtime Environment (8.0_152-b06) (build 1.8.0_152-release-1136-b06)
# Java VM: OpenJDK 64-Bit Server VM (25.152-b06 mixed mode windows-amd64 compressed oops)
Heap:
 PSYoungGen      total 58880K, used 27968K [0x00000000eab00000, 0x00000000ef780000, 0x0000000100000000)
  eden space 52736K, 41% used [0x00000000eab00000,0x00000000ec054b10,0x00000000ede80000)
  from space 6144K, 99% used [0x00000000ede80000,0x00000000ee47b4f0,0x00000000ee480000)
  to   space 7168K, 0% used [0x00000000ef080000,0x00000000ef080000,0x00000000ef780000)
 ParOldGen       total 56832K, used 22686K [0x00000000c0000000, 0x00000000c3780000, 0x00000000eab00000)
  object space 56832K, 39% used [0x00000000c0000000,0x00000000c1627950,0x00000000c3780000)
 Metaspace       used 37509K, capacity 38832K, committed 39168K, reserved 1083392K
  class space    used 4913K, capacity 5322K, committed 5376K, reserved 1048576K
GC Heap History (10 events):
Event: 35.610 GC heap before
{Heap before GC invocations=15 (full 1):
 PSYoungGen      total 35840K, used 33068K [0x00000000eab00000, 0x00000000edd00000, 0x0000000100000000)
  eden space 29184K, 100% used [0x00000000eab00000,0x00000000ec780000,0x00000000ec780000)
  from space 6656K, 58% used [0x00000000ec780000,0x00000000ecb4b290,0x00000000ece00000)
  to   space 6144K, 0% used [0x00000000ed700000,0x00000000ed700000,0x00000000edd00000)
 ParOldGen       total 32256K, used 13040K [0x00000000c0000000, 0x00000000c1f80000, 0x00000000eab00000)
  object space 32256K, 40% used [0x00000000c0000000,0x00000000c0cbc300,0x00000000c1f80000)
 Metaspace       used 30506K, capacity 31168K, committed 31488K, reserved 1077248K
  class space    used 4021K, capacity 4284K, committed 4352K, reserved 1048576K
Event: 35.736 GC heap after
Heap after GC invocations=15 (full 1):
 PSYoungGen      total 45056K, used 4150K [0x00000000eab00000, 0x00000000edf00000, 0x0000000100000000)
  eden space 38912K, 0% used [0x00000000eab00000,0x00000000eab00000,0x00000000ed100000)
  from space 6144K, 67% used [0x00000000ed700000,0x00000000edb0db68,0x00000000edd00000)
  to   space 6144K, 0% used [0x00000000ed100000,0x00000000ed100000,0x00000000ed700000)
 ParOldGen       total 32256K, used 14617K [0x00000000c0000000, 0x00000000c1f80000, 0x00000000eab00000)
  object space 32256K, 45% used [0x00000000c0000000,0x00000000c0e466a8,0x00000000c1f80000)
 Metaspace       used 30506K, capacity 31168K, committed 31488K, reserved 1077248K
  class space    used 4021K, capacity 4284K, committed 4352K, reserved 1048576K
}
Event: 41.938 GC heap before
{Heap before GC invocations=16 (full 1):
 PSYoungGen      total 45056K, used 43062K [0x00000000eab00000, 0x00000000edf00000, 0x0000000100000000)
  eden space 38912K, 100% used [0x00000000eab00000,0x00000000ed100000,0x00000000ed100000)
  from space 6144K, 67% used [0x00000000ed700000,0x00000000edb0db68,0x00000000edd00000)
  to   space 6144K, 0% used [0x00000000ed100000,0x00000000ed100000,0x00000000ed700000)
 ParOldGen       total 32256K, used 14617K [0x00000000c0000000, 0x00000000c1f80000, 0x00000000eab00000)
  object space 32256K, 45% used [0x00000000c0000000,0x00000000c0e466a8,0x00000000c1f80000)
 Metaspace       used 32193K, capacity 33046K, committed 33280K, reserved 1077248K
  class space    used 4228K, capacity 4519K, committed 4608K, reserved 1048576K
Event: 41.964 GC heap after
Heap after GC invocations=16 (full 1):
 PSYoungGen      total 45056K, used 4933K [0x00000000eab00000, 0x00000000eec00000, 0x0000000100000000)
  eden space 38912K, 0% used [0x00000000eab00000,0x00000000eab00000,0x00000000ed100000)
  from space 6144K, 80% used [0x00000000ed100000,0x00000000ed5d1410,0x00000000ed700000)
  to   space 6656K, 0% used [0x00000000ee580000,0x00000000ee580000,0x00000000eec00000)
 ParOldGen       total 32256K, used 17429K [0x00000000c0000000, 0x00000000c1f80000, 0x00000000eab00000)
  object space 32256K, 54% used [0x00000000c0000000,0x00000000c11056c8,0x00000000c1f80000)
 Metaspace       used 32193K, capacity 33046K, committed 33280K, reserved 1077248K
  class space    used 4228K, capacity 4519K, committed 4608K, reserved 1048576K
}
Event: 43.876 GC heap before
{Heap before GC invocations=17 (full 1):
 PSYoungGen      total 45056K, used 23638K [0x00000000eab00000, 0x00000000eec00000, 0x0000000100000000)
  eden space 38912K, 48% used [0x00000000eab00000,0x00000000ebd447c8,0x00000000ed100000)
  from space 6144K, 80% used [0x00000000ed100000,0x00000000ed5d1410,0x00000000ed700000)
  to   space 6656K, 0% used [0x00000000ee580000,0x00000000ee580000,0x00000000eec00000)
 ParOldGen       total 32256K, used 17429K [0x00000000c0000000, 0x00000000c1f80000, 0x00000000eab00000)
  object space 32256K, 54% used [0x00000000c0000000,0x00000000c11056c8,0x00000000c1f80000)
 Metaspace       used 34384K, capacity 35446K, committed 35496K, reserved 1079296K
  class space    used 4478K, capacity 4847K, committed 4864K, reserved 1048576K
Event: 43.896 GC heap after
Heap after GC invocations=17 (full 1):
 PSYoungGen      total 57856K, used 3065K [0x00000000eab00000, 0x00000000eea80000, 0x0000000100000000)
  eden space 52736K, 0% used [0x00000000eab00000,0x00000000eab00000,0x00000000ede80000)
  from space 5120K, 59% used [0x00000000ee580000,0x00000000ee87e628,0x00000000eea80000)
  to   space 6144K, 0% used [0x00000000ede80000,0x00000000ede80000,0x00000000ee480000)
 ParOldGen       total 32256K, used 21093K [0x00000000c0000000, 0x00000000c1f80000, 0x00000000eab00000)
  object space 32256K, 65% used [0x00000000c0000000,0x00000000c1499710,0x00000000c1f80000)
 Metaspace       used 34384K, capacity 35446K, committed 35496K, reserved 1079296K
  class space    used 4478K, capacity 4847K, committed 4864K, reserved 1048576K
}
Event: 43.897 GC heap before
{Heap before GC invocations=18 (full 2):
 PSYoungGen      total 57856K, used 3065K [0x00000000eab00000, 0x00000000eea80000, 0x0000000100000000)
  eden space 52736K, 0% used [0x00000000eab00000,0x00000000eab00000,0x00000000ede80000)
  from space 5120K, 59% used [0x00000000ee580000,0x00000000ee87e628,0x00000000eea80000)
  to   space 6144K, 0% used [0x00000000ede80000,0x00000000ede80000,0x00000000ee480000)
 ParOldGen       total 32256K, used 21093K [0x00000000c0000000, 0x00000000c1f80000, 0x00000000eab00000)
  object space 32256K, 65% used [0x00000000c0000000,0x00000000c1499710,0x00000000c1f80000)
 Metaspace       used 34384K, capacity 35446K, committed 35496K, reserved 1079296K
  class space    used 4478K, capacity 4847K, committed 4864K, reserved 1048576K
Event: 44.240 GC heap after
Heap after GC invocations=18 (full 2):
 PSYoungGen      total 57856K, used 0K [0x00000000eab00000, 0x00000000eea80000, 0x0000000100000000)
  eden space 52736K, 0% used [0x00000000eab00000,0x00000000eab00000,0x00000000ede80000)
  from space 5120K, 0% used [0x00000000ee580000,0x00000000ee580000,0x00000000eea80000)
  to   space 6144K, 0% used [0x00000000ede80000,0x00000000ede80000,0x00000000ee480000)
 ParOldGen       total 56832K, used 22003K [0x00000000c0000000, 0x00000000c3780000, 0x00000000eab00000)
  object space 56832K, 38% used [0x00000000c0000000,0x00000000c157cdd8,0x00000000c3780000)
 Metaspace       used 34384K, capacity 35446K, committed 35496K, reserved 1079296K
  class space    used 4478K, capacity 4847K, committed 4864K, reserved 1048576K
}
Event: 49.274 GC heap before
{Heap before GC invocations=19 (full 2):
 PSYoungGen      total 57856K, used 52736K [0x00000000eab00000, 0x00000000eea80000, 0x0000000100000000)
  eden space 52736K, 100% used [0x00000000eab00000,0x00000000ede80000,0x00000000ede80000)
  from space 5120K, 0% used [0x00000000ee580000,0x00000000ee580000,0x00000000eea80000)
  to   space 6144K, 0% used [0x00000000ede80000,0x00000000ede80000,0x00000000ee480000)
 ParOldGen       total 56832K, used 22003K [0x00000000c0000000, 0x00000000c3780000, 0x00000000eab00000)
  object space 56832K, 38% used [0x00000000c0000000,0x00000000c157cdd8,0x00000000c3780000)
 Metaspace       used 36880K, capacity 38136K, committed 38272K, reserved 1083392K
  class space    used 4812K, capacity 5222K, committed 5248K, reserved 1048576K
Event: 49.310 GC heap after
Heap after GC invocations=19 (full 2):
 PSYoungGen      total 58880K, used 6125K [0x00000000eab00000, 0x00000000ef780000, 0x0000000100000000)
  eden space 52736K, 0% used [0x00000000eab00000,0x00000000eab00000,0x00000000ede80000)
  from space 6144K, 99% used [0x00000000ede80000,0x00000000ee47b4f0,0x00000000ee480000)
  to   space 7168K, 0% used [0x00000000ef080000,0x00000000ef080000,0x00000000ef780000)
 ParOldGen       total 56832K, used 22686K [0x00000000c0000000, 0x00000000c3780000, 0x00000000eab00000)
  object space 56832K, 39% used [0x00000000c0000000,0x00000000c1627950,0x00000000c3780000)
 Metaspace       used 36880K, capacity 38136K, committed 38272K, reserved 1083392K
  class space    used 4812K, capacity 5222K, committed 5248K, reserved 1048576K
}

